<?xml version="1.0" encoding="UTF-8"?>
<coverage generated="1739414722174" clover="3.2.0">
  <project timestamp="1739414722174" name="All files">
    <metrics statements="21" coveredstatements="19" conditionals="6" coveredconditionals="3" methods="3" coveredmethods="3" elements="30" coveredelements="25" complexity="0" loc="21" ncloc="21" packages="1" files="1" classes="1"/>
    <file name="index.ts" path="C:\Users\TUF\Documents\PPL\api\index.ts">
      <metrics statements="21" coveredstatements="19" conditionals="6" coveredconditionals="3" methods="3" coveredmethods="3"/>
      <line num="1" count="1" type="stmt"/>
      <line num="2" count="1" type="stmt"/>
      <line num="4" count="1" type="stmt"/>
      <line num="6" count="1" type="stmt"/>
      <line num="8" count="1" type="stmt"/>
      <line num="10" count="1" type="stmt"/>
      <line num="12" count="1" type="stmt"/>
      <line num="14" count="1" type="cond" truecount="0" falsecount="1"/>
      <line num="15" count="0" type="stmt"/>
      <line num="18" count="1" type="stmt"/>
      <line num="23" count="3" type="cond" truecount="3" falsecount="2"/>
      <line num="24" count="3" type="stmt"/>
      <line num="26" count="0" type="stmt"/>
      <line num="31" count="1" type="stmt"/>
      <line num="32" count="1" type="stmt"/>
      <line num="34" count="1" type="stmt"/>
      <line num="36" count="1" type="stmt"/>
      <line num="37" count="3" type="stmt"/>
      <line num="40" count="1" type="stmt"/>
      <line num="41" count="1" type="stmt"/>
      <line num="44" count="1" type="stmt"/>
    </file>
  </project>
</coverage>
